<?xml version="1.0" encoding="UTF-8"?>
<!-- Generated by org.testng.reporters.JUnitReportReporter -->
<testsuite skipped="0" hostname="DESKTOP-7EUI77O" name="MAF.test" tests="1" failures="0" timestamp="22 Jun 2019 07:55:51 GMT" time="30.814" errors="0">
  <testcase name="test" time="30.814" classname="MAF.test"/>
</testsuite> <!-- MAF.test -->
