<?xml version="1.0" encoding="UTF-8"?>
<!-- Generated by org.testng.reporters.JUnitReportReporter -->
<testsuite skipped="0" hostname="DESKTOP-7EUI77O" name="MAF.Agent_Commissions_List" tests="1" failures="0" timestamp="05 Aug 2019 09:25:05 GMT" time="79.111" errors="0">
  <testcase name="commission" time="79.111" classname="MAF.Agent_Commissions_List"/>
</testsuite> <!-- MAF.Agent_Commissions_List -->
