<?xml version="1.0" encoding="UTF-8"?>
<!-- Generated by org.testng.reporters.JUnitReportReporter -->
<testsuite skipped="0" hostname="DESKTOP-7EUI77O" name="MAF.Agent_Policies" tests="1" failures="0" timestamp="09 Jul 2019 05:59:09 GMT" time="310.665" errors="0">
  <testcase name="Agenttask" time="310.665" classname="MAF.Agent_Policies"/>
</testsuite> <!-- MAF.Agent_Policies -->
