<?xml version="1.0" encoding="UTF-8"?>
<!-- Generated by org.testng.reporters.JUnitReportReporter -->
<testsuite skipped="0" hostname="DESKTOP-7EUI77O" name="MAF.Maf_Base" tests="1" failures="0" timestamp="05 Aug 2019 10:13:40 GMT" time="30.762" errors="0">
  <testcase name="setupWeb" time="30.762" classname="MAF.Maf_Base"/>
</testsuite> <!-- MAF.Maf_Base -->
