<?xml version="1.0" encoding="UTF-8"?>
<!-- Generated by org.testng.reporters.JUnitReportReporter -->
<testsuite skipped="0" hostname="DESKTOP-7EUI77O" name="MAF.Agent_Promations_list" tests="1" failures="0" timestamp="11 Jul 2019 12:27:56 GMT" time="158.240" errors="0">
  <testcase name="Agenttask" time="158.240" classname="MAF.Agent_Promations_list"/>
</testsuite> <!-- MAF.Agent_Promations_list -->
