<?xml version="1.0" encoding="UTF-8"?>
<!-- Generated by org.testng.reporters.JUnitReportReporter -->
<testsuite skipped="0" hostname="DESKTOP-7EUI77O" name="MAF.Responsibility_levels" tests="1" failures="0" timestamp="03 Aug 2019 07:06:56 GMT" time="34.918" errors="0">
  <testcase name="Responsibility" time="34.918" classname="MAF.Responsibility_levels"/>
</testsuite> <!-- MAF.Responsibility_levels -->
