<?xml version="1.0" encoding="UTF-8"?>
<!-- Generated by org.testng.reporters.JUnitReportReporter -->
<testsuite skipped="0" hostname="DESKTOP-7EUI77O" name="MAF.Agent_Promations_list" tests="1" failures="0" timestamp="11 Jul 2019 06:02:13 GMT" time="63.457" errors="0">
  <testcase name="Agenttask" time="63.457" classname="MAF.Agent_Promations_list"/>
</testsuite> <!-- MAF.Agent_Promations_list -->
