<?xml version="1.0" encoding="UTF-8"?>
<!-- Generated by org.testng.reporters.JUnitReportReporter -->
<testsuite skipped="0" hostname="DESKTOP-7EUI77O" name="MAF.Responsibility_levels" tests="1" failures="0" timestamp="05 Jul 2019 10:19:34 GMT" time="90.879" errors="0">
  <testcase name="Responsibility" time="90.879" classname="MAF.Responsibility_levels"/>
</testsuite> <!-- MAF.Responsibility_levels -->
