<?xml version="1.0" encoding="UTF-8"?>
<!-- Generated by org.testng.reporters.JUnitReportReporter -->
<testsuite skipped="0" hostname="DESKTOP-7EUI77O" name="MAF.Multiplecommission" tests="1" failures="0" timestamp="05 Jul 2019 10:02:08 GMT" time="178.888" errors="0">
  <testcase name="Allcommission" time="178.888" classname="MAF.Multiplecommission"/>
</testsuite> <!-- MAF.Multiplecommission -->
