<?xml version="1.0" encoding="UTF-8"?>
<!-- Generated by org.testng.reporters.JUnitReportReporter -->
<testsuite skipped="0" hostname="DESKTOP-7EUI77O" name="MAF.API_Cookie" tests="2" failures="0" timestamp="01 Jul 2019 13:01:32 GMT" time="31.849" errors="0">
  <testcase name="cokkie" time="23.793" classname="MAF.API_Cookie"/>
  <testcase name="session" time="8.056" classname="MAF.API_Cookie"/>
</testsuite> <!-- MAF.API_Cookie -->
