<?xml version="1.0" encoding="UTF-8"?>
<!-- Generated by org.testng.reporters.JUnitReportReporter -->
<testsuite skipped="0" hostname="DESKTOP-7EUI77O" name="MAF.SSL" tests="1" failures="0" timestamp="13 May 2019 09:22:33 GMT" time="35.146" errors="0">
  <testcase name="crf" time="35.146" classname="MAF.SSL"/>
</testsuite> <!-- MAF.SSL -->
