<?xml version="1.0" encoding="UTF-8"?>
<!-- Generated by org.testng.reporters.JUnitReportReporter -->
<testsuite skipped="0" hostname="DESKTOP-7EUI77O" name="MAF.Broken_Links" tests="1" failures="0" timestamp="14 Mar 2019 06:59:15 GMT" time="3.244" errors="0">
  <testcase name="Brok" time="3.244" classname="MAF.Broken_Links"/>
</testsuite> <!-- MAF.Broken_Links -->
