<?xml version="1.0" encoding="UTF-8"?>
<!-- Generated by org.testng.reporters.JUnitReportReporter -->
<testsuite skipped="0" hostname="DESKTOP-7EUI77O" name="MAF.Dataprovider" tests="2" failures="0" timestamp="05 Aug 2019 09:17:33 GMT" time="60.626" errors="0">
  <testcase name="test" time="31.799" classname="MAF.Dataprovider"/>
  <testcase name="test" time="28.827" classname="MAF.Dataprovider"/>
</testsuite> <!-- MAF.Dataprovider -->
